<?xml version="1.0" encoding="UTF-8"?>
<!-- Generated by org.testng.reporters.JUnitReportReporter -->
<testsuite hostname="Rafia" failures="1" tests="7" name="testng_automation_code_feb_1st_2023.ClassAssignment" time="58.535" errors="0" timestamp="2023-02-07T18:56:49 EST" skipped="0">
  <testcase classname="testng_automation_code_feb_1st_2023.ClassAssignment" name="clickOnLogOut" time="8.502"/>
  <system-out/>
  <testcase classname="testng_automation_code_feb_1st_2023.ClassAssignment" name="clickOnLogOut" time="7.915"/>
  <system-out/>
  <testcase classname="testng_automation_code_feb_1st_2023.ClassAssignment" name="clickOnLogOut" time="8.732"/>
  <system-out/>
  <testcase classname="testng_automation_code_feb_1st_2023.ClassAssignment" name="clickOnLogOut" time="7.937"/>
  <system-out/>
  <testcase classname="testng_automation_code_feb_1st_2023.ClassAssignment" name="clickOnLogOut" time="8.749"/>
  <system-out/>
  <testcase classname="testng_automation_code_feb_1st_2023.ClassAssignment" name="clickOnLogIn" time="7.879"/>
  <system-out/>
  <testcase classname="testng_automation_code_feb_1st_2023.ClassAssignment" name="clickOnMyAccountLink" time="8.821">
    <failure message="As per the assignment" type="java.lang.AssertionError">
      <![CDATA[java.lang.AssertionError: As per the assignment
at org.testng.Assert.fail(Assert.java:99)
at testng_automation_code_feb_1st_2023.ClassAssignment.clickOnMyAccountLink(ClassAssignment.java:35)
at java.base/jdk.internal.reflect.NativeMethodAccessorImpl.invoke0(Native Method)
at java.base/jdk.internal.reflect.NativeMethodAccessorImpl.invoke(NativeMethodAccessorImpl.java:77)
at java.base/jdk.internal.reflect.DelegatingMethodAccessorImpl.invoke(DelegatingMethodAccessorImpl.java:43)
at java.base/java.lang.reflect.Method.invoke(Method.java:568)
at org.testng.internal.MethodInvocationHelper.invokeMethod(MethodInvocationHelper.java:133)
at org.testng.internal.TestInvoker.invokeMethod(TestInvoker.java:598)
at org.testng.internal.TestInvoker.invokeTestMethod(TestInvoker.java:173)
at org.testng.internal.MethodRunner.runInSequence(MethodRunner.java:46)
at org.testng.internal.TestInvoker$MethodInvocationAgent.invoke(TestInvoker.java:824)
at org.testng.internal.TestInvoker.invokeTestMethods(TestInvoker.java:146)
at org.testng.internal.TestMethodWorker.invokeTestMethods(TestMethodWorker.java:146)
at org.testng.internal.TestMethodWorker.run(TestMethodWorker.java:128)
at java.base/java.util.ArrayList.forEach(ArrayList.java:1511)
at org.testng.TestRunner.privateRun(TestRunner.java:794)
at org.testng.TestRunner.run(TestRunner.java:596)
at org.testng.SuiteRunner.runTest(SuiteRunner.java:377)
at org.testng.SuiteRunner.runSequentially(SuiteRunner.java:371)
at org.testng.SuiteRunner.privateRun(SuiteRunner.java:332)
at org.testng.SuiteRunner.run(SuiteRunner.java:276)
at org.testng.SuiteRunnerWorker.runSuite(SuiteRunnerWorker.java:53)
at org.testng.SuiteRunnerWorker.run(SuiteRunnerWorker.java:96)
at org.testng.TestNG.runSuitesSequentially(TestNG.java:1212)
at org.testng.TestNG.runSuitesLocally(TestNG.java:1134)
at org.testng.TestNG.runSuites(TestNG.java:1063)
at org.testng.TestNG.run(TestNG.java:1031)
at org.testng.remote.AbstractRemoteTestNG.run(AbstractRemoteTestNG.java:115)
at org.testng.remote.RemoteTestNG.initAndRun(RemoteTestNG.java:251)
at org.testng.remote.RemoteTestNG.main(RemoteTestNG.java:77)
]]>
    </failure>
  </testcase> <!-- clickOnMyAccountLink -->
  <system-out/>
</testsuite> <!-- testng_automation_code_feb_1st_2023.ClassAssignment -->
